Connecting to database specified by database.yml
  [1m[36m (14.8ms)[0m  [1mSELECT "schema_migrations"."version" FROM "schema_migrations" [0m
Migrating to CreateMovies (20111119180638)
  [1m[35m (0.2ms)[0m  select sqlite_version(*)
  [1m[36m (0.2ms)[0m  [1mSELECT "schema_migrations"."version" FROM "schema_migrations" [0m
Connecting to database specified by database.yml
  [1m[36m (50.6ms)[0m  [1mSELECT "schema_migrations"."version" FROM "schema_migrations" [0m
  [1m[35m (0.7ms)[0m  select sqlite_version(*)
  [1m[36m (18.6ms)[0m  [1mCREATE TABLE "movies" ("id" INTEGER PRIMARY KEY AUTOINCREMENT NOT NULL, "title" varchar(255), "rating" varchar(255), "description" text, "release_date" datetime, "created_at" datetime, "updated_at" datetime) [0m
  [1m[35m (11.1ms)[0m  CREATE TABLE "schema_migrations" ("version" varchar(255) NOT NULL) 
  [1m[36m (14.4ms)[0m  [1mCREATE UNIQUE INDEX "unique_schema_migrations" ON "schema_migrations" ("version")[0m
  [1m[35m (0.2ms)[0m  SELECT version FROM "schema_migrations"
  [1m[36m (14.4ms)[0m  [1mINSERT INTO "schema_migrations" (version) VALUES ('20120130161449')[0m
  [1m[35m (10.5ms)[0m  INSERT INTO "schema_migrations" (version) VALUES ('20111119180638')
Connecting to database specified by database.yml
  [1m[36m (48.2ms)[0m  [1mSELECT "schema_migrations"."version" FROM "schema_migrations" [0m
  [1m[35m (0.5ms)[0m  select sqlite_version(*)
  [1m[36m (20.3ms)[0m  [1mCREATE TABLE "movies" ("id" INTEGER PRIMARY KEY AUTOINCREMENT NOT NULL, "title" varchar(255), "rating" varchar(255), "description" text, "release_date" datetime, "created_at" datetime, "updated_at" datetime) [0m
  [1m[35m (15.6ms)[0m  CREATE TABLE "schema_migrations" ("version" varchar(255) NOT NULL) 
  [1m[36m (12.5ms)[0m  [1mCREATE UNIQUE INDEX "unique_schema_migrations" ON "schema_migrations" ("version")[0m
  [1m[35m (0.1ms)[0m  SELECT version FROM "schema_migrations"
  [1m[36m (13.6ms)[0m  [1mINSERT INTO "schema_migrations" (version) VALUES ('20120130161449')[0m
  [1m[35m (12.4ms)[0m  INSERT INTO "schema_migrations" (version) VALUES ('20111119180638')
Connecting to database specified by database.yml
Connecting to database specified by database.yml
  [1m[36m (10.5ms)[0m  [1mSELECT "schema_migrations"."version" FROM "schema_migrations" [0m
Connecting to database specified by database.yml
  [1m[36m (7.4ms)[0m  [1mSELECT "schema_migrations"."version" FROM "schema_migrations" [0m
Migrating to CreateMovies (20111119180638)
Migrating to AddDirectorToMovies (20160413174035)
  [1m[35m (0.0ms)[0m  select sqlite_version(*)
  [1m[36m (0.1ms)[0m  [1mbegin transaction[0m
  [1m[35m (0.5ms)[0m  ALTER TABLE "movies" ADD "director" varchar(255)
  [1m[36m (0.1ms)[0m  [1mINSERT INTO "schema_migrations" ("version") VALUES ('20160413174035')[0m
  [1m[35m (21.2ms)[0m  commit transaction
  [1m[36m (0.2ms)[0m  [1mSELECT "schema_migrations"."version" FROM "schema_migrations" [0m
Connecting to database specified by database.yml
  [1m[36m (8.5ms)[0m  [1mSELECT "schema_migrations"."version" FROM "schema_migrations" [0m
  [1m[35m (0.4ms)[0m  select sqlite_version(*)
  [1m[36m (12.2ms)[0m  [1mCREATE TABLE "movies" ("id" INTEGER PRIMARY KEY AUTOINCREMENT NOT NULL, "title" varchar(255), "rating" varchar(255), "description" text, "release_date" datetime, "created_at" datetime, "updated_at" datetime, "director" varchar(255)) [0m
  [1m[35m (11.2ms)[0m  CREATE TABLE "schema_migrations" ("version" varchar(255) NOT NULL) 
  [1m[36m (11.4ms)[0m  [1mCREATE UNIQUE INDEX "unique_schema_migrations" ON "schema_migrations" ("version")[0m
  [1m[35m (0.2ms)[0m  SELECT version FROM "schema_migrations"
  [1m[36m (11.4ms)[0m  [1mINSERT INTO "schema_migrations" (version) VALUES ('20160413174035')[0m
  [1m[35m (13.2ms)[0m  INSERT INTO "schema_migrations" (version) VALUES ('20111119180638')


Started GET "/" for 221.120.220.11 at 2016-04-13 17:42:41 +0000
Connecting to database specified by database.yml

ActionController::RoutingError (No route matches [GET] "/"):
  actionpack (3.2.18) lib/action_dispatch/middleware/debug_exceptions.rb:21:in `call'
  actionpack (3.2.18) lib/action_dispatch/middleware/show_exceptions.rb:56:in `call'
  railties (3.2.18) lib/rails/rack/logger.rb:32:in `call_app'
  railties (3.2.18) lib/rails/rack/logger.rb:16:in `block in call'
  activesupport (3.2.18) lib/active_support/tagged_logging.rb:22:in `tagged'
  railties (3.2.18) lib/rails/rack/logger.rb:16:in `call'
  actionpack (3.2.18) lib/action_dispatch/middleware/request_id.rb:22:in `call'
  rack (1.4.5) lib/rack/methodoverride.rb:21:in `call'
  rack (1.4.5) lib/rack/runtime.rb:17:in `call'
  activesupport (3.2.18) lib/active_support/cache/strategy/local_cache.rb:72:in `call'
  rack (1.4.5) lib/rack/lock.rb:15:in `call'
  actionpack (3.2.18) lib/action_dispatch/middleware/static.rb:63:in `call'
  railties (3.2.18) lib/rails/engine.rb:484:in `call'
  railties (3.2.18) lib/rails/application.rb:231:in `call'
  rack (1.4.5) lib/rack/content_length.rb:14:in `call'
  railties (3.2.18) lib/rails/rack/log_tailer.rb:17:in `call'
  rack (1.4.5) lib/rack/handler/webrick.rb:59:in `service'
  /usr/local/rvm/rubies/ruby-1.9.3-p551/lib/ruby/1.9.1/webrick/httpserver.rb:138:in `service'
  /usr/local/rvm/rubies/ruby-1.9.3-p551/lib/ruby/1.9.1/webrick/httpserver.rb:94:in `run'
  /usr/local/rvm/rubies/ruby-1.9.3-p551/lib/ruby/1.9.1/webrick/server.rb:191:in `block in start_thread'


  Rendered /usr/local/rvm/gems/ruby-1.9.3-p551/gems/actionpack-3.2.18/lib/action_dispatch/middleware/templates/rescues/routing_error.erb within rescues/layout (7.9ms)


Started GET "/movies" for 221.120.220.11 at 2016-04-13 17:42:43 +0000
Processing by MoviesController#index as HTML
  [1m[36mMovie Load (0.6ms)[0m  [1mSELECT "movies".* FROM "movies" WHERE "movies"."rating" IN ('G', 'PG', 'PG-13', 'NC-17', 'R')[0m
  Rendered movies/index.html.haml within layouts/application (24.8ms)
Compiled application.css  (0ms)  (pid 23916)
Compiled jquery.js  (2ms)  (pid 23916)
Compiled jquery_ujs.js  (0ms)  (pid 23916)
Compiled application.js  (69ms)  (pid 23916)
Completed 200 OK in 387.0ms (Views: 148.0ms | ActiveRecord: 6.7ms)


Started GET "/assets/application.css?body=1" for 221.120.220.11 at 2016-04-13 17:42:44 +0000
Served asset /application.css - 200 OK (3ms)


Started GET "/assets/jquery.js?body=1" for 110.93.234.9 at 2016-04-13 17:42:44 +0000
Served asset /jquery.js - 200 OK (4ms)


Started GET "/assets/jquery_ujs.js?body=1" for 221.120.220.11 at 2016-04-13 17:42:45 +0000
Served asset /jquery_ujs.js - 200 OK (3ms)


Started GET "/assets/application.js?body=1" for 221.120.220.11 at 2016-04-13 17:42:45 +0000
Served asset /application.js - 200 OK (6ms)
Connecting to database specified by database.yml
  [1m[36m (39.9ms)[0m  [1mSELECT "schema_migrations"."version" FROM "schema_migrations" [0m
  [1m[35m (0.5ms)[0m  select sqlite_version(*)
  [1m[36m (13.6ms)[0m  [1mCREATE TABLE "movies" ("id" INTEGER PRIMARY KEY AUTOINCREMENT NOT NULL, "title" varchar(255), "rating" varchar(255), "description" text, "release_date" datetime, "created_at" datetime, "updated_at" datetime, "director" varchar(255)) [0m
  [1m[35m (8.6ms)[0m  CREATE TABLE "schema_migrations" ("version" varchar(255) NOT NULL) 
  [1m[36m (14.1ms)[0m  [1mCREATE UNIQUE INDEX "unique_schema_migrations" ON "schema_migrations" ("version")[0m
  [1m[35m (0.2ms)[0m  SELECT version FROM "schema_migrations"
  [1m[36m (26.3ms)[0m  [1mINSERT INTO "schema_migrations" (version) VALUES ('20160413174035')[0m
  [1m[35m (10.7ms)[0m  INSERT INTO "schema_migrations" (version) VALUES ('20111119180638')


Started GET "/" for 221.120.220.11 at 2016-04-13 18:08:04 +0000
Connecting to database specified by database.yml

ActionController::RoutingError (No route matches [GET] "/"):
  actionpack (3.2.18) lib/action_dispatch/middleware/debug_exceptions.rb:21:in `call'
  actionpack (3.2.18) lib/action_dispatch/middleware/show_exceptions.rb:56:in `call'
  railties (3.2.18) lib/rails/rack/logger.rb:32:in `call_app'
  railties (3.2.18) lib/rails/rack/logger.rb:16:in `block in call'
  activesupport (3.2.18) lib/active_support/tagged_logging.rb:22:in `tagged'
  railties (3.2.18) lib/rails/rack/logger.rb:16:in `call'
  actionpack (3.2.18) lib/action_dispatch/middleware/request_id.rb:22:in `call'
  rack (1.4.5) lib/rack/methodoverride.rb:21:in `call'
  rack (1.4.5) lib/rack/runtime.rb:17:in `call'
  activesupport (3.2.18) lib/active_support/cache/strategy/local_cache.rb:72:in `call'
  rack (1.4.5) lib/rack/lock.rb:15:in `call'
  actionpack (3.2.18) lib/action_dispatch/middleware/static.rb:63:in `call'
  railties (3.2.18) lib/rails/engine.rb:484:in `call'
  railties (3.2.18) lib/rails/application.rb:231:in `call'
  rack (1.4.5) lib/rack/content_length.rb:14:in `call'
  railties (3.2.18) lib/rails/rack/log_tailer.rb:17:in `call'
  rack (1.4.5) lib/rack/handler/webrick.rb:59:in `service'
  /usr/local/rvm/rubies/ruby-1.9.3-p551/lib/ruby/1.9.1/webrick/httpserver.rb:138:in `service'
  /usr/local/rvm/rubies/ruby-1.9.3-p551/lib/ruby/1.9.1/webrick/httpserver.rb:94:in `run'
  /usr/local/rvm/rubies/ruby-1.9.3-p551/lib/ruby/1.9.1/webrick/server.rb:191:in `block in start_thread'


  Rendered /usr/local/rvm/gems/ruby-1.9.3-p551/gems/actionpack-3.2.18/lib/action_dispatch/middleware/templates/rescues/routing_error.erb within rescues/layout (8.9ms)


Started GET "/movies" for 221.120.220.11 at 2016-04-13 18:08:08 +0000
Processing by MoviesController#index as HTML
  [1m[36mMovie Load (0.5ms)[0m  [1mSELECT "movies".* FROM "movies" WHERE "movies"."rating" IN ('G', 'PG', 'PG-13', 'NC-17', 'R')[0m
  Rendered movies/index.html.haml within layouts/application (46.0ms)
Completed 200 OK in 352.8ms (Views: 115.0ms | ActiveRecord: 6.3ms)


Started GET "/assets/application.css?body=1" for 221.120.220.11 at 2016-04-13 18:08:09 +0000
Served asset /application.css - 304 Not Modified (2ms)


Started GET "/assets/application.js?body=1" for 110.93.234.9 at 2016-04-13 18:08:09 +0000
Served asset /application.js - 304 Not Modified (9ms)


Started GET "/assets/jquery.js?body=1" for 221.120.220.11 at 2016-04-13 18:08:09 +0000
Served asset /jquery.js - 304 Not Modified (6ms)


Started GET "/assets/jquery_ujs.js?body=1" for 221.120.220.11 at 2016-04-13 18:08:09 +0000
Served asset /jquery_ujs.js - 304 Not Modified (3ms)
Connecting to database specified by database.yml


Started GET "/movies/1" for 221.120.220.11 at 2016-04-13 18:09:43 +0000
Processing by MoviesController#show as HTML
  Parameters: {"id"=>"1"}
  [1m[35mMovie Load (0.6ms)[0m  SELECT "movies".* FROM "movies" WHERE "movies"."id" = ? LIMIT 1  [["id", "1"]]
  Rendered movies/show.html.haml within layouts/application (4.3ms)
Completed 200 OK in 16.0ms (Views: 13.0ms | ActiveRecord: 0.6ms)


Started GET "/assets/application.css?body=1" for 221.120.220.11 at 2016-04-13 18:09:43 +0000
Served asset /application.css - 304 Not Modified (0ms)


Started GET "/assets/jquery.js?body=1" for 110.93.234.9 at 2016-04-13 18:09:44 +0000
Served asset /jquery.js - 304 Not Modified (0ms)


Started GET "/assets/jquery_ujs.js?body=1" for 221.120.220.11 at 2016-04-13 18:09:44 +0000
Served asset /jquery_ujs.js - 304 Not Modified (0ms)


Started GET "/assets/application.js?body=1" for 221.120.220.11 at 2016-04-13 18:09:44 +0000
Served asset /application.js - 304 Not Modified (1ms)
  [1m[36m (38.9ms)[0m  [1mSELECT "schema_migrations"."version" FROM "schema_migrations" [0m
  [1m[35m (0.3ms)[0m  select sqlite_version(*)
  [1m[36m (13.2ms)[0m  [1mCREATE TABLE "movies" ("id" INTEGER PRIMARY KEY AUTOINCREMENT NOT NULL, "title" varchar(255), "rating" varchar(255), "description" text, "release_date" datetime, "created_at" datetime, "updated_at" datetime, "director" varchar(255)) [0m
  [1m[35m (11.5ms)[0m  CREATE TABLE "schema_migrations" ("version" varchar(255) NOT NULL) 
  [1m[36m (15.4ms)[0m  [1mCREATE UNIQUE INDEX "unique_schema_migrations" ON "schema_migrations" ("version")[0m
  [1m[35m (0.1ms)[0m  SELECT version FROM "schema_migrations"
  [1m[36m (9.8ms)[0m  [1mINSERT INTO "schema_migrations" (version) VALUES ('20160413174035')[0m
  [1m[35m (7.9ms)[0m  INSERT INTO "schema_migrations" (version) VALUES ('20111119180638')


Started GET "/movies/1/director" for 221.120.220.11 at 2016-04-13 18:09:46 +0000
Processing by MoviesController#director as HTML
  Parameters: {"movie_id"=>"1"}
  [1m[36mMovie Load (0.2ms)[0m  [1mSELECT "movies".* FROM "movies" WHERE "movies"."id" = ? LIMIT 1[0m  [["id", "1"]]
Redirected to https://assignment4-hsslums.c9users.io/movies
Completed 302 Found in 2.6ms (ActiveRecord: 0.2ms)


Started GET "/movies" for 221.120.220.11 at 2016-04-13 18:09:46 +0000
Processing by MoviesController#index as HTML
  [1m[35mMovie Load (0.5ms)[0m  SELECT "movies".* FROM "movies" WHERE "movies"."rating" IN ('G', 'PG', 'PG-13', 'NC-17', 'R')
  Rendered movies/index.html.haml within layouts/application (8.6ms)
Completed 200 OK in 20.1ms (Views: 18.0ms | ActiveRecord: 0.5ms)


Started GET "/assets/jquery_ujs.js?body=1" for 110.93.234.9 at 2016-04-13 18:09:46 +0000
Served asset /jquery_ujs.js - 304 Not Modified (0ms)


Started GET "/assets/application.js?body=1" for 221.120.220.11 at 2016-04-13 18:09:46 +0000
Served asset /application.js - 304 Not Modified (4ms)


Started GET "/assets/application.css?body=1" for 221.120.220.11 at 2016-04-13 18:09:46 +0000
Served asset /application.css - 304 Not Modified (0ms)


Started GET "/assets/jquery.js?body=1" for 221.120.220.11 at 2016-04-13 18:09:46 +0000
Served asset /jquery.js - 304 Not Modified (1ms)


Started GET "/assets/jquery_ujs.js?body=1" for 221.120.220.11 at 2016-04-13 18:09:47 +0000
Served asset /jquery_ujs.js - 304 Not Modified (0ms)


Started GET "/assets/application.js?body=1" for 221.120.220.11 at 2016-04-13 18:09:47 +0000
Served asset /application.js - 304 Not Modified (2ms)


Started GET "/movies/1" for 221.120.220.11 at 2016-04-13 18:09:54 +0000
Processing by MoviesController#show as HTML
  Parameters: {"id"=>"1"}
  [1m[36mMovie Load (0.3ms)[0m  [1mSELECT "movies".* FROM "movies" WHERE "movies"."id" = ? LIMIT 1[0m  [["id", "1"]]
  Rendered movies/show.html.haml within layouts/application (2.1ms)
Completed 200 OK in 13.2ms (Views: 11.1ms | ActiveRecord: 0.3ms)


Started GET "/assets/application.css?body=1" for 221.120.220.11 at 2016-04-13 18:09:54 +0000
Served asset /application.css - 304 Not Modified (0ms)


Started GET "/assets/jquery.js?body=1" for 221.120.220.11 at 2016-04-13 18:09:55 +0000
Served asset /jquery.js - 304 Not Modified (1ms)


Started GET "/assets/jquery_ujs.js?body=1" for 221.120.220.11 at 2016-04-13 18:09:55 +0000
Served asset /jquery_ujs.js - 304 Not Modified (0ms)


Started GET "/assets/application.js?body=1" for 221.120.220.11 at 2016-04-13 18:09:55 +0000
Served asset /application.js - 304 Not Modified (2ms)


Started GET "/movies/1/edit" for 221.120.220.11 at 2016-04-13 18:09:59 +0000
Processing by MoviesController#edit as HTML
  Parameters: {"id"=>"1"}
  [1m[35mMovie Load (0.3ms)[0m  SELECT "movies".* FROM "movies" WHERE "movies"."id" = ? LIMIT 1  [["id", "1"]]
  Rendered movies/edit.html.haml within layouts/application (20.7ms)
Completed 200 OK in 34.6ms (Views: 31.8ms | ActiveRecord: 0.3ms)


Started GET "/assets/application.css?body=1" for 221.120.220.11 at 2016-04-13 18:09:59 +0000
Served asset /application.css - 304 Not Modified (0ms)


Started GET "/assets/jquery.js?body=1" for 221.120.220.11 at 2016-04-13 18:09:59 +0000
Served asset /jquery.js - 304 Not Modified (4ms)


Started GET "/assets/application.js?body=1" for 221.120.220.11 at 2016-04-13 18:09:59 +0000
Served asset /application.js - 304 Not Modified (2ms)


Started GET "/assets/jquery_ujs.js?body=1" for 221.120.220.11 at 2016-04-13 18:09:59 +0000
Served asset /jquery_ujs.js - 304 Not Modified (0ms)


Started PUT "/movies/1" for 221.120.220.11 at 2016-04-13 18:10:06 +0000
Processing by MoviesController#update as HTML
  Parameters: {"utf8"=>"✓", "authenticity_token"=>"+wb/IphWo2GnvfkzIrlnOgTuZ89CSLGGZjMLdd7huYg=", "movie"=>{"title"=>"Aladdin", "director"=>"Jasmine", "rating"=>"G", "release_date(1i)"=>"1992", "release_date(2i)"=>"11", "release_date(3i)"=>"25"}, "commit"=>"Update Movie Info", "id"=>"1"}
  [1m[36mMovie Load (0.2ms)[0m  [1mSELECT "movies".* FROM "movies" WHERE "movies"."id" = ? LIMIT 1[0m  [["id", "1"]]
  [1m[35m (0.1ms)[0m  begin transaction
  [1m[36m (9.1ms)[0m  [1mUPDATE "movies" SET "director" = 'Jasmine', "updated_at" = '2016-04-13 18:10:06.996820' WHERE "movies"."id" = 1[0m
  [1m[35m (13.4ms)[0m  commit transaction
Redirected to https://assignment4-hsslums.c9users.io/movies/1
Completed 302 Found in 37.8ms (ActiveRecord: 22.7ms)


Started GET "/movies/1" for 221.120.220.11 at 2016-04-13 18:10:07 +0000
Processing by MoviesController#show as HTML
  Parameters: {"id"=>"1"}
  [1m[36mMovie Load (0.3ms)[0m  [1mSELECT "movies".* FROM "movies" WHERE "movies"."id" = ? LIMIT 1[0m  [["id", "1"]]
  Rendered movies/show.html.haml within layouts/application (2.5ms)
Completed 200 OK in 15.6ms (Views: 13.5ms | ActiveRecord: 0.3ms)


Started GET "/assets/jquery.js?body=1" for 221.120.220.11 at 2016-04-13 18:10:07 +0000
Served asset /jquery.js - 304 Not Modified (1ms)


Started GET "/assets/application.css?body=1" for 221.120.220.11 at 2016-04-13 18:10:07 +0000
Served asset /application.css - 304 Not Modified (0ms)


Started GET "/assets/jquery_ujs.js?body=1" for 221.120.220.11 at 2016-04-13 18:10:08 +0000
Served asset /jquery_ujs.js - 304 Not Modified (0ms)


Started GET "/assets/application.js?body=1" for 221.120.220.11 at 2016-04-13 18:10:08 +0000
Served asset /application.js - 304 Not Modified (2ms)


Started GET "/movies/1/director" for 221.120.220.11 at 2016-04-13 18:10:12 +0000
Processing by MoviesController#director as HTML
  Parameters: {"movie_id"=>"1"}
  [1m[35mMovie Load (0.2ms)[0m  SELECT "movies".* FROM "movies" WHERE "movies"."id" = ? LIMIT 1  [["id", "1"]]
  [1m[36mMovie Load (0.3ms)[0m  [1mSELECT "movies".* FROM "movies" WHERE "movies"."director" = 'Jasmine'[0m
  Rendered movies/director.html.haml within layouts/application (5.5ms)
Completed 200 OK in 61.9ms (Views: 49.8ms | ActiveRecord: 0.5ms)


Started GET "/assets/jquery.js?body=1" for 221.120.220.11 at 2016-04-13 18:10:12 +0000
Served asset /jquery.js - 304 Not Modified (1ms)


Started GET "/assets/jquery_ujs.js?body=1" for 221.120.220.11 at 2016-04-13 18:10:12 +0000
Served asset /jquery_ujs.js - 304 Not Modified (0ms)


Started GET "/assets/application.css?body=1" for 221.120.220.11 at 2016-04-13 18:10:12 +0000
Served asset /application.css - 304 Not Modified (0ms)


Started GET "/assets/application.js?body=1" for 221.120.220.11 at 2016-04-13 18:10:12 +0000
Served asset /application.js - 304 Not Modified (3ms)


Started GET "/movies/" for 221.120.220.11 at 2016-04-13 18:10:22 +0000
Processing by MoviesController#index as HTML
  [1m[35mMovie Load (0.6ms)[0m  SELECT "movies".* FROM "movies" WHERE "movies"."rating" IN ('G', 'PG', 'PG-13', 'NC-17', 'R')
  Rendered movies/index.html.haml within layouts/application (10.5ms)
Completed 200 OK in 23.3ms (Views: 20.7ms | ActiveRecord: 0.6ms)


Started GET "/assets/application.css?body=1" for 221.120.220.11 at 2016-04-13 18:10:22 +0000
Served asset /application.css - 304 Not Modified (0ms)


Started GET "/assets/jquery.js?body=1" for 110.93.234.9 at 2016-04-13 18:10:22 +0000
Served asset /jquery.js - 304 Not Modified (1ms)


Started GET "/assets/jquery_ujs.js?body=1" for 221.120.220.11 at 2016-04-13 18:10:23 +0000
Served asset /jquery_ujs.js - 304 Not Modified (0ms)


Started GET "/assets/application.js?body=1" for 221.120.220.11 at 2016-04-13 18:10:23 +0000
Served asset /application.js - 304 Not Modified (1ms)


Started GET "/movies/4" for 221.120.220.11 at 2016-04-13 18:10:25 +0000
Processing by MoviesController#show as HTML
  Parameters: {"id"=>"4"}
  [1m[36mMovie Load (0.2ms)[0m  [1mSELECT "movies".* FROM "movies" WHERE "movies"."id" = ? LIMIT 1[0m  [["id", "4"]]
  Rendered movies/show.html.haml within layouts/application (2.4ms)
Completed 200 OK in 14.3ms (Views: 12.7ms | ActiveRecord: 0.2ms)


Started GET "/assets/jquery_ujs.js?body=1" for 110.93.234.9 at 2016-04-13 18:10:25 +0000
Served asset /jquery_ujs.js - 304 Not Modified (0ms)


Started GET "/assets/application.css?body=1" for 221.120.220.11 at 2016-04-13 18:10:25 +0000
Served asset /application.css - 304 Not Modified (0ms)


Started GET "/assets/jquery.js?body=1" for 221.120.220.11 at 2016-04-13 18:10:25 +0000
Served asset /jquery.js - 304 Not Modified (1ms)


Started GET "/assets/application.js?body=1" for 221.120.220.11 at 2016-04-13 18:10:25 +0000
Served asset /application.js - 304 Not Modified (2ms)


Started GET "/movies/4/edit" for 221.120.220.11 at 2016-04-13 18:10:28 +0000
Processing by MoviesController#edit as HTML
  Parameters: {"id"=>"4"}
  [1m[35mMovie Load (0.2ms)[0m  SELECT "movies".* FROM "movies" WHERE "movies"."id" = ? LIMIT 1  [["id", "4"]]
  Rendered movies/edit.html.haml within layouts/application (4.5ms)
Completed 200 OK in 13.2ms (Views: 11.7ms | ActiveRecord: 0.2ms)


Started GET "/assets/application.js?body=1" for 110.93.234.9 at 2016-04-13 18:10:28 +0000
Served asset /application.js - 304 Not Modified (2ms)


Started GET "/assets/application.css?body=1" for 221.120.220.11 at 2016-04-13 18:10:28 +0000
Served asset /application.css - 304 Not Modified (0ms)


Started GET "/assets/jquery_ujs.js?body=1" for 221.120.220.11 at 2016-04-13 18:10:28 +0000
Served asset /jquery_ujs.js - 304 Not Modified (0ms)


Started GET "/assets/jquery.js?body=1" for 221.120.220.11 at 2016-04-13 18:10:28 +0000
Served asset /jquery.js - 304 Not Modified (1ms)


Started PUT "/movies/4" for 221.120.220.11 at 2016-04-13 18:10:32 +0000
Processing by MoviesController#update as HTML
  Parameters: {"utf8"=>"✓", "authenticity_token"=>"+wb/IphWo2GnvfkzIrlnOgTuZ89CSLGGZjMLdd7huYg=", "movie"=>{"title"=>"The Help", "director"=>"Jasmine", "rating"=>"PG-13", "release_date(1i)"=>"2011", "release_date(2i)"=>"8", "release_date(3i)"=>"10"}, "commit"=>"Update Movie Info", "id"=>"4"}
  [1m[36mMovie Load (0.2ms)[0m  [1mSELECT "movies".* FROM "movies" WHERE "movies"."id" = ? LIMIT 1[0m  [["id", "4"]]
  [1m[35m (0.1ms)[0m  begin transaction
  [1m[36m (0.4ms)[0m  [1mUPDATE "movies" SET "director" = 'Jasmine', "updated_at" = '2016-04-13 18:10:32.950144' WHERE "movies"."id" = 4[0m
  [1m[35m (22.2ms)[0m  commit transaction
Redirected to https://assignment4-hsslums.c9users.io/movies/4
Completed 302 Found in 27.7ms (ActiveRecord: 22.8ms)


Started GET "/movies/4" for 221.120.220.11 at 2016-04-13 18:10:33 +0000
Processing by MoviesController#show as HTML
  Parameters: {"id"=>"4"}
  [1m[36mMovie Load (0.2ms)[0m  [1mSELECT "movies".* FROM "movies" WHERE "movies"."id" = ? LIMIT 1[0m  [["id", "4"]]
  Rendered movies/show.html.haml within layouts/application (4.0ms)
Completed 200 OK in 18.9ms (Views: 17.2ms | ActiveRecord: 0.2ms)


Started GET "/assets/application.js?body=1" for 110.93.234.9 at 2016-04-13 18:10:33 +0000
Served asset /application.js - 304 Not Modified (2ms)


Started GET "/assets/jquery_ujs.js?body=1" for 221.120.220.11 at 2016-04-13 18:10:33 +0000
Served asset /jquery_ujs.js - 304 Not Modified (0ms)


Started GET "/assets/jquery.js?body=1" for 221.120.220.11 at 2016-04-13 18:10:33 +0000
Served asset /jquery.js - 304 Not Modified (1ms)


Started GET "/assets/application.css?body=1" for 221.120.220.11 at 2016-04-13 18:10:33 +0000
Served asset /application.css - 304 Not Modified (0ms)


Started GET "/movies/4/director" for 221.120.220.11 at 2016-04-13 18:10:35 +0000
Processing by MoviesController#director as HTML
  Parameters: {"movie_id"=>"4"}
  [1m[35mMovie Load (0.2ms)[0m  SELECT "movies".* FROM "movies" WHERE "movies"."id" = ? LIMIT 1  [["id", "4"]]
  [1m[36mMovie Load (0.3ms)[0m  [1mSELECT "movies".* FROM "movies" WHERE "movies"."director" = 'Jasmine'[0m
  Rendered movies/director.html.haml within layouts/application (3.0ms)
Completed 200 OK in 12.3ms (Views: 10.4ms | ActiveRecord: 0.5ms)


Started GET "/assets/application.js?body=1" for 110.93.234.9 at 2016-04-13 18:10:35 +0000
Served asset /application.js - 304 Not Modified (2ms)


Started GET "/assets/application.css?body=1" for 221.120.220.11 at 2016-04-13 18:10:35 +0000
Served asset /application.css - 304 Not Modified (0ms)


Started GET "/assets/jquery_ujs.js?body=1" for 221.120.220.11 at 2016-04-13 18:10:35 +0000
Served asset /jquery_ujs.js - 304 Not Modified (1ms)


Started GET "/assets/jquery.js?body=1" for 221.120.220.11 at 2016-04-13 18:10:35 +0000
Served asset /jquery.js - 304 Not Modified (1ms)


Started GET "/movies/" for 221.120.220.11 at 2016-04-13 18:10:41 +0000
Processing by MoviesController#index as HTML
  [1m[35mMovie Load (0.3ms)[0m  SELECT "movies".* FROM "movies" WHERE "movies"."rating" IN ('G', 'PG', 'PG-13', 'NC-17', 'R')
  Rendered movies/index.html.haml within layouts/application (9.6ms)
Completed 200 OK in 19.5ms (Views: 17.3ms | ActiveRecord: 0.3ms)


Started GET "/assets/application.css?body=1" for 221.120.220.11 at 2016-04-13 18:10:42 +0000
Served asset /application.css - 304 Not Modified (0ms)


Started GET "/assets/jquery_ujs.js?body=1" for 111.68.103.163 at 2016-04-13 18:10:42 +0000
Served asset /jquery_ujs.js - 304 Not Modified (0ms)


Started GET "/assets/jquery.js?body=1" for 221.120.220.11 at 2016-04-13 18:10:42 +0000
Served asset /jquery.js - 304 Not Modified (1ms)


Started GET "/assets/application.js?body=1" for 221.120.220.11 at 2016-04-13 18:10:42 +0000
Served asset /application.js - 304 Not Modified (2ms)


Started GET "/movies/6" for 221.120.220.11 at 2016-04-13 18:10:53 +0000
Processing by MoviesController#show as HTML
  Parameters: {"id"=>"6"}
  [1m[36mMovie Load (0.2ms)[0m  [1mSELECT "movies".* FROM "movies" WHERE "movies"."id" = ? LIMIT 1[0m  [["id", "6"]]
  Rendered movies/show.html.haml within layouts/application (2.4ms)
Completed 200 OK in 14.8ms (Views: 13.0ms | ActiveRecord: 0.2ms)


Started GET "/assets/jquery.js?body=1" for 110.93.234.9 at 2016-04-13 18:10:54 +0000
Served asset /jquery.js - 304 Not Modified (1ms)


Started GET "/assets/application.css?body=1" for 221.120.220.11 at 2016-04-13 18:10:54 +0000
Served asset /application.css - 304 Not Modified (0ms)


Started GET "/assets/jquery_ujs.js?body=1" for 111.68.103.163 at 2016-04-13 18:10:54 +0000
Served asset /jquery_ujs.js - 304 Not Modified (0ms)


Started GET "/assets/application.js?body=1" for 110.93.234.9 at 2016-04-13 18:10:54 +0000
Served asset /application.js - 304 Not Modified (1ms)


Started GET "/movies/6/edit" for 110.93.234.9 at 2016-04-13 18:10:56 +0000
Processing by MoviesController#edit as HTML
  Parameters: {"id"=>"6"}
  [1m[35mMovie Load (0.3ms)[0m  SELECT "movies".* FROM "movies" WHERE "movies"."id" = ? LIMIT 1  [["id", "6"]]
  Rendered movies/edit.html.haml within layouts/application (6.5ms)
Completed 200 OK in 18.4ms (Views: 16.4ms | ActiveRecord: 0.3ms)


Started GET "/assets/application.css?body=1" for 110.93.234.9 at 2016-04-13 18:10:57 +0000
Served asset /application.css - 304 Not Modified (0ms)


Started GET "/assets/jquery.js?body=1" for 111.68.103.163 at 2016-04-13 18:10:57 +0000
Served asset /jquery.js - 304 Not Modified (1ms)


Started GET "/assets/application.js?body=1" for 110.93.234.9 at 2016-04-13 18:10:57 +0000
Served asset /application.js - 304 Not Modified (2ms)


Started GET "/assets/jquery_ujs.js?body=1" for 221.120.220.11 at 2016-04-13 18:10:57 +0000
Served asset /jquery_ujs.js - 304 Not Modified (0ms)


Started PUT "/movies/6" for 221.120.220.11 at 2016-04-13 18:11:00 +0000
Processing by MoviesController#update as HTML
  Parameters: {"utf8"=>"✓", "authenticity_token"=>"+wb/IphWo2GnvfkzIrlnOgTuZ89CSLGGZjMLdd7huYg=", "movie"=>{"title"=>"Amelie", "director"=>"Huma", "rating"=>"R", "release_date(1i)"=>"2001", "release_date(2i)"=>"4", "release_date(3i)"=>"25"}, "commit"=>"Update Movie Info", "id"=>"6"}
  [1m[36mMovie Load (0.2ms)[0m  [1mSELECT "movies".* FROM "movies" WHERE "movies"."id" = ? LIMIT 1[0m  [["id", "6"]]
  [1m[35m (0.1ms)[0m  begin transaction
  [1m[36m (0.4ms)[0m  [1mUPDATE "movies" SET "director" = 'Huma', "updated_at" = '2016-04-13 18:11:00.903144' WHERE "movies"."id" = 6[0m
  [1m[35m (11.2ms)[0m  commit transaction
Redirected to https://assignment4-hsslums.c9users.io/movies/6
Completed 302 Found in 16.4ms (ActiveRecord: 12.0ms)


Started GET "/movies/6" for 110.93.234.9 at 2016-04-13 18:11:01 +0000
Processing by MoviesController#show as HTML
  Parameters: {"id"=>"6"}
  [1m[36mMovie Load (0.2ms)[0m  [1mSELECT "movies".* FROM "movies" WHERE "movies"."id" = ? LIMIT 1[0m  [["id", "6"]]
  Rendered movies/show.html.haml within layouts/application (1.9ms)
Completed 200 OK in 12.2ms (Views: 10.9ms | ActiveRecord: 0.2ms)


Started GET "/assets/application.css?body=1" for 110.93.234.9 at 2016-04-13 18:11:01 +0000
Served asset /application.css - 304 Not Modified (0ms)


Started GET "/assets/application.js?body=1" for 110.93.234.9 at 2016-04-13 18:11:01 +0000
Served asset /application.js - 304 Not Modified (2ms)


Started GET "/assets/jquery_ujs.js?body=1" for 111.68.103.163 at 2016-04-13 18:11:01 +0000
Served asset /jquery_ujs.js - 304 Not Modified (0ms)


Started GET "/assets/jquery.js?body=1" for 221.120.220.11 at 2016-04-13 18:11:01 +0000
Served asset /jquery.js - 304 Not Modified (1ms)


Started GET "/movies/6/director" for 221.120.220.11 at 2016-04-13 18:11:03 +0000
Processing by MoviesController#director as HTML
  Parameters: {"movie_id"=>"6"}
  [1m[35mMovie Load (0.2ms)[0m  SELECT "movies".* FROM "movies" WHERE "movies"."id" = ? LIMIT 1  [["id", "6"]]
  [1m[36mMovie Load (0.3ms)[0m  [1mSELECT "movies".* FROM "movies" WHERE "movies"."director" = 'Huma'[0m
  Rendered movies/director.html.haml within layouts/application (2.4ms)
Completed 200 OK in 11.7ms (Views: 9.9ms | ActiveRecord: 0.5ms)


Started GET "/assets/jquery.js?body=1" for 111.68.103.163 at 2016-04-13 18:11:03 +0000
Served asset /jquery.js - 304 Not Modified (1ms)


Started GET "/assets/jquery_ujs.js?body=1" for 110.93.234.9 at 2016-04-13 18:11:03 +0000
Served asset /jquery_ujs.js - 304 Not Modified (0ms)


Started GET "/assets/application.js?body=1" for 110.93.234.9 at 2016-04-13 18:11:03 +0000
Served asset /application.js - 304 Not Modified (2ms)


Started GET "/assets/application.css?body=1" for 221.120.220.11 at 2016-04-13 18:11:03 +0000
Served asset /application.css - 304 Not Modified (0ms)


Started GET "/movies/" for 221.120.220.11 at 2016-04-13 18:11:08 +0000
Processing by MoviesController#index as HTML
  [1m[35mMovie Load (0.5ms)[0m  SELECT "movies".* FROM "movies" WHERE "movies"."rating" IN ('G', 'PG', 'PG-13', 'NC-17', 'R')
  Rendered movies/index.html.haml within layouts/application (12.1ms)
Completed 200 OK in 25.8ms (Views: 22.9ms | ActiveRecord: 0.5ms)


Started GET "/assets/application.css?body=1" for 221.120.220.11 at 2016-04-13 18:11:08 +0000
Served asset /application.css - 304 Not Modified (0ms)


Started GET "/assets/application.js?body=1" for 221.120.220.11 at 2016-04-13 18:11:09 +0000
Served asset /application.js - 304 Not Modified (2ms)


Started GET "/assets/jquery_ujs.js?body=1" for 221.120.220.11 at 2016-04-13 18:11:09 +0000
Served asset /jquery_ujs.js - 304 Not Modified (0ms)


Started GET "/assets/jquery.js?body=1" for 110.93.234.9 at 2016-04-13 18:11:09 +0000
Served asset /jquery.js - 304 Not Modified (1ms)


Started GET "/movies/1" for 110.93.234.9 at 2016-04-13 18:11:11 +0000
Processing by MoviesController#show as HTML
  Parameters: {"id"=>"1"}
  [1m[36mMovie Load (0.2ms)[0m  [1mSELECT "movies".* FROM "movies" WHERE "movies"."id" = ? LIMIT 1[0m  [["id", "1"]]
  Rendered movies/show.html.haml within layouts/application (2.3ms)
Completed 200 OK in 15.1ms (Views: 13.3ms | ActiveRecord: 0.2ms)


Started GET "/assets/application.css?body=1" for 110.93.234.9 at 2016-04-13 18:11:11 +0000
Served asset /application.css - 304 Not Modified (0ms)


Started GET "/assets/jquery_ujs.js?body=1" for 221.120.220.11 at 2016-04-13 18:11:11 +0000
Served asset /jquery_ujs.js - 304 Not Modified (0ms)


Started GET "/assets/application.js?body=1" for 221.120.220.11 at 2016-04-13 18:11:11 +0000
Served asset /application.js - 304 Not Modified (2ms)


Started GET "/assets/jquery.js?body=1" for 221.120.220.11 at 2016-04-13 18:11:11 +0000
Served asset /jquery.js - 304 Not Modified (2ms)


Started GET "/movies/1/director" for 221.120.220.11 at 2016-04-13 18:11:12 +0000
Processing by MoviesController#director as HTML
  Parameters: {"movie_id"=>"1"}
  [1m[35mMovie Load (0.4ms)[0m  SELECT "movies".* FROM "movies" WHERE "movies"."id" = ? LIMIT 1  [["id", "1"]]
  [1m[36mMovie Load (0.5ms)[0m  [1mSELECT "movies".* FROM "movies" WHERE "movies"."director" = 'Jasmine'[0m
  Rendered movies/director.html.haml within layouts/application (3.9ms)
Completed 200 OK in 14.4ms (Views: 12.2ms | ActiveRecord: 0.8ms)


Started GET "/assets/application.js?body=1" for 110.93.234.9 at 2016-04-13 18:11:12 +0000
Served asset /application.js - 304 Not Modified (2ms)


Started GET "/assets/jquery_ujs.js?body=1" for 221.120.220.11 at 2016-04-13 18:11:13 +0000
Served asset /jquery_ujs.js - 304 Not Modified (1ms)


Started GET "/assets/jquery.js?body=1" for 221.120.220.11 at 2016-04-13 18:11:13 +0000
Served asset /jquery.js - 304 Not Modified (3ms)


Started GET "/assets/application.css?body=1" for 221.120.220.11 at 2016-04-13 18:11:13 +0000
Served asset /application.css - 304 Not Modified (0ms)


Started GET "/movies/" for 110.93.234.9 at 2016-04-13 18:14:06 +0000
Processing by MoviesController#index as HTML
  [1m[35mMovie Load (0.4ms)[0m  SELECT "movies".* FROM "movies" WHERE "movies"."rating" IN ('G', 'PG', 'PG-13', 'NC-17', 'R')
  Rendered movies/index.html.haml within layouts/application (12.1ms)
Completed 200 OK in 22.9ms (Views: 20.5ms | ActiveRecord: 0.4ms)


Started GET "/assets/application.css?body=1" for 110.93.234.9 at 2016-04-13 18:14:06 +0000
Served asset /application.css - 304 Not Modified (0ms)


Started GET "/assets/jquery.js?body=1" for 110.93.234.9 at 2016-04-13 18:14:06 +0000
Served asset /jquery.js - 304 Not Modified (1ms)


Started GET "/assets/jquery_ujs.js?body=1" for 221.120.220.11 at 2016-04-13 18:14:07 +0000
Served asset /jquery_ujs.js - 304 Not Modified (0ms)


Started GET "/assets/application.js?body=1" for 221.120.220.11 at 2016-04-13 18:14:08 +0000
Served asset /application.js - 304 Not Modified (1ms)


Started GET "/movies/1" for 221.120.220.11 at 2016-04-13 18:14:10 +0000
Processing by MoviesController#show as HTML
  Parameters: {"id"=>"1"}
  [1m[36mMovie Load (0.2ms)[0m  [1mSELECT "movies".* FROM "movies" WHERE "movies"."id" = ? LIMIT 1[0m  [["id", "1"]]
  Rendered movies/show.html.haml within layouts/application (5.5ms)
Completed 200 OK in 17.1ms (Views: 15.5ms | ActiveRecord: 0.2ms)


Started GET "/assets/jquery_ujs.js?body=1" for 110.93.234.9 at 2016-04-13 18:14:10 +0000
Served asset /jquery_ujs.js - 304 Not Modified (0ms)


Started GET "/assets/jquery.js?body=1" for 221.120.220.11 at 2016-04-13 18:14:10 +0000
Served asset /jquery.js - 304 Not Modified (1ms)


Started GET "/assets/application.js?body=1" for 221.120.220.11 at 2016-04-13 18:14:10 +0000
Served asset /application.js - 304 Not Modified (3ms)


Started GET "/assets/application.css?body=1" for 221.120.220.11 at 2016-04-13 18:14:10 +0000
Served asset /application.css - 304 Not Modified (0ms)
Connecting to database specified by database.yml
  [1m[36m (47.6ms)[0m  [1mSELECT "schema_migrations"."version" FROM "schema_migrations" [0m
  [1m[35m (0.4ms)[0m  select sqlite_version(*)
  [1m[36m (16.1ms)[0m  [1mCREATE TABLE "movies" ("id" INTEGER PRIMARY KEY AUTOINCREMENT NOT NULL, "title" varchar(255), "rating" varchar(255), "description" text, "release_date" datetime, "created_at" datetime, "updated_at" datetime, "director" varchar(255)) [0m
  [1m[35m (18.9ms)[0m  CREATE TABLE "schema_migrations" ("version" varchar(255) NOT NULL) 
  [1m[36m (15.2ms)[0m  [1mCREATE UNIQUE INDEX "unique_schema_migrations" ON "schema_migrations" ("version")[0m
  [1m[35m (0.2ms)[0m  SELECT version FROM "schema_migrations"
  [1m[36m (14.9ms)[0m  [1mINSERT INTO "schema_migrations" (version) VALUES ('20160413174035')[0m
  [1m[35m (17.8ms)[0m  INSERT INTO "schema_migrations" (version) VALUES ('20111119180638')
Connecting to database specified by database.yml
  [1m[36m (42.2ms)[0m  [1mSELECT "schema_migrations"."version" FROM "schema_migrations" [0m
  [1m[35m (0.5ms)[0m  select sqlite_version(*)
  [1m[36m (16.5ms)[0m  [1mCREATE TABLE "movies" ("id" INTEGER PRIMARY KEY AUTOINCREMENT NOT NULL, "title" varchar(255), "rating" varchar(255), "description" text, "release_date" datetime, "created_at" datetime, "updated_at" datetime, "director" varchar(255)) [0m
  [1m[35m (13.8ms)[0m  CREATE TABLE "schema_migrations" ("version" varchar(255) NOT NULL) 
  [1m[36m (15.3ms)[0m  [1mCREATE UNIQUE INDEX "unique_schema_migrations" ON "schema_migrations" ("version")[0m
  [1m[35m (0.1ms)[0m  SELECT version FROM "schema_migrations"
  [1m[36m (13.4ms)[0m  [1mINSERT INTO "schema_migrations" (version) VALUES ('20160413174035')[0m
  [1m[35m (15.8ms)[0m  INSERT INTO "schema_migrations" (version) VALUES ('20111119180638')
